[15Feb2025 00:00:04.920] [Server thread/INFO] [net.minecraft.server.dedicated.DedicatedServer/]: <The_Dragon_589> cuanto te baje??
[15Feb2025 00:00:17.779] [Server thread/INFO] [net.minecraft.server.dedicated.DedicatedServer/]: <Ruben_Catti> 5 <3
[15Feb2025 00:00:50.619] [Server thread/INFO] [net.minecraft.server.dedicated.DedicatedServer/]: The_Dragon_589 has made the advancement [Stone Age]
[15Feb2025 00:01:11.070] [Server thread/INFO] [net.minecraft.server.dedicated.DedicatedServer/]: The_Dragon_589 has made the advancement [Getting an Upgrade]
[15Feb2025 00:01:43.431] [Server thread/INFO] [net.minecraft.server.dedicated.DedicatedServer/]: Ruben_Catti was slain by The_Dragon_589
[15Feb2025 00:01:43.446] [Server thread/INFO] [net.minecraft.server.dedicated.DedicatedServer/]: Ruben_Catti has made the advancement [Your First Grave]
[15Feb2025 00:01:43.449] [Server thread/INFO] [tombstone/]: The player Ruben_Catti has successfully been saved
[15Feb2025 00:01:59.368] [Server thread/INFO] [net.minecraft.server.dedicated.DedicatedServer/]: <The_Dragon_589> si tienes llave encantada??
[15Feb2025 00:02:05.325] [Server thread/INFO] [net.minecraft.server.dedicated.DedicatedServer/]: <Ruben_Catti> no
[15Feb2025 00:02:09.066] [Server thread/INFO] [net.minecraft.server.dedicated.DedicatedServer/]: <The_Dragon_589> XDDD
[15Feb2025 00:02:09.869] [Server thread/INFO] [net.minecraft.server.dedicated.DedicatedServer/]: Ruben_Catti has reached the goal [Here They Come]
[15Feb2025 00:02:14.424] [Server thread/INFO] [net.minecraft.server.dedicated.DedicatedServer/]: The_Dragon_589 has made the advancement [Knowledge of Death]
[15Feb2025 00:02:14.425] [Server thread/INFO] [net.minecraft.server.dedicated.DedicatedServer/]: The_Dragon_589 has made the advancement [Funeral Theft]
[15Feb2025 00:02:22.850] [Server thread/INFO] [net.minecraft.server.dedicated.DedicatedServer/]: <The_Dragon_589> XD
[15Feb2025 00:02:30.975] [Server thread/INFO] [net.minecraft.server.dedicated.DedicatedServer/]: <Ruben_Catti> mi lout?
[15Feb2025 00:03:13.632] [Server thread/INFO] [net.minecraft.server.dedicated.DedicatedServer/]: The_Dragon_589 has made the advancement [Monster Hunter]
[15Feb2025 00:04:11.869] [Server thread/INFO] [net.minecraft.server.dedicated.DedicatedServer/]: Ruben_Catti has made the advancement [Getting an Upgrade]
[15Feb2025 00:04:54.385] [Server thread/INFO] [net.minecraft.server.dedicated.DedicatedServer/]: The_Dragon_589 has made the advancement [Sweet Dreams]
[15Feb2025 00:05:05.438] [Server thread/INFO] [net.minecraft.server.dedicated.DedicatedServer/]: Ruben_Catti was slain by The_Dragon_589
[15Feb2025 00:05:05.442] [Server thread/INFO] [tombstone/]: The player Ruben_Catti has successfully been saved
[15Feb2025 00:05:13.076] [Server thread/INFO] [net.minecraft.server.dedicated.DedicatedServer/]: <The_Dragon_589> XDDDD
[15Feb2025 00:05:52.323] [Server thread/INFO] [net.minecraft.server.dedicated.DedicatedServer/]: Ruben_Catti has made the advancement [Sweet Dreams]
[15Feb2025 00:06:05.565] [Server thread/INFO] [net.minecraft.server.dedicated.DedicatedServer/]: Ruben_Catti has made the advancement [Monster Hunter]
[15Feb2025 00:06:15.268] [Server thread/INFO] [net.minecraft.server.dedicated.DedicatedServer/]: The_Dragon_589 was slain by Ruben_Catti
[15Feb2025 00:06:15.273] [Server thread/INFO] [net.minecraft.server.dedicated.DedicatedServer/]: The_Dragon_589 has made the advancement [Your First Grave]
[15Feb2025 00:06:15.276] [Server thread/INFO] [tombstone/]: The player The_Dragon_589 has successfully been saved
[15Feb2025 00:07:07.541] [Server thread/INFO] [net.minecraft.server.dedicated.DedicatedServer/]: <Ruben_Catti> wath'
[15Feb2025 00:07:17.320] [Server thread/INFO] [net.minecraft.server.dedicated.DedicatedServer/]: <The_Dragon_589> ??
[15Feb2025 00:07:46.245] [Thread-0/WARN] [net.minecraftforge.fml.config.ConfigFileTypeHandler/CONFIG]: Configuration file /workspaces/home-/servidor_minecraft/config/tombstone-server.toml is not correct. Correcting
[15Feb2025 00:07:46.269] [Server thread/INFO] [tombstone/]: Syncing Config on Client
[15Feb2025 00:07:57.816] [Server thread/INFO] [tombstone/]: Syncing Config on Client
[15Feb2025 00:07:59.653] [Thread-0/WARN] [net.minecraftforge.fml.config.ConfigFileTypeHandler/CONFIG]: Configuration file /workspaces/home-/servidor_minecraft/config/tombstone-server.toml is not correct. Correcting
[15Feb2025 00:07:59.669] [Server thread/INFO] [tombstone/]: Syncing Config on Client
[15Feb2025 00:08:27.446] [Server thread/INFO] [net.minecraft.server.dedicated.DedicatedServer/]: <Ruben_Catti> tus cosas?
[15Feb2025 00:08:34.639] [Server thread/INFO] [net.minecraft.server.dedicated.DedicatedServer/]: <The_Dragon_589> las tengo
[15Feb2025 00:08:40.118] [Server thread/INFO] [net.minecraft.server.dedicated.DedicatedServer/]: Ruben_Catti burned to death
[15Feb2025 00:08:40.120] [Server thread/INFO] [tombstone/]: The player Ruben_Catti has successfully been saved
[15Feb2025 00:08:47.607] [Server thread/INFO] [net.minecraft.server.dedicated.DedicatedServer/]: <The_Dragon_589> XDDDDDDDDD
